  Lab1.cpp
E:\codesh\OOP_Lab1\Lab1\Lab1\Lab1.cpp(15,22): warning C4566: character represented by universal-character-name '\u0410' cannot be represented in the current code page (1252)
E:\codesh\OOP_Lab1\Lab1\Lab1\Lab1.cpp(15,22): warning C4566: character represented by universal-character-name '\u0440' cannot be represented in the current code page (1252)
E:\codesh\OOP_Lab1\Lab1\Lab1\Lab1.cpp(15,22): warning C4566: character represented by universal-character-name '\u0433' cannot be represented in the current code page (1252)
E:\codesh\OOP_Lab1\Lab1\Lab1\Lab1.cpp(15,22): warning C4566: character represented by universal-character-name '\u0443' cannot be represented in the current code page (1252)
E:\codesh\OOP_Lab1\Lab1\Lab1\Lab1.cpp(15,22): warning C4566: character represented by universal-character-name '\u043C' cannot be represented in the current code page (1252)
E:\codesh\OOP_Lab1\Lab1\Lab1\Lab1.cpp(15,22): warning C4566: character represented by universal-character-name '\u0435' cannot be represented in the current code page (1252)
E:\codesh\OOP_Lab1\Lab1\Lab1\Lab1.cpp(15,22): warning C4566: character represented by universal-character-name '\u043D' cannot be represented in the current code page (1252)
E:\codesh\OOP_Lab1\Lab1\Lab1\Lab1.cpp(15,22): warning C4566: character represented by universal-character-name '\u0442' cannot be represented in the current code page (1252)
E:\codesh\OOP_Lab1\Lab1\Lab1\Lab1.cpp(15,22): warning C4566: character represented by universal-character-name '\u044B' cannot be represented in the current code page (1252)
E:\codesh\OOP_Lab1\Lab1\Lab1\Lab1.cpp(15,22): warning C4566: character represented by universal-character-name '\u0431' cannot be represented in the current code page (1252)
E:\codesh\OOP_Lab1\Lab1\Lab1\Lab1.cpp(15,22): warning C4566: character represented by universal-character-name '\u043B' cannot be represented in the current code page (1252)
E:\codesh\OOP_Lab1\Lab1\Lab1\Lab1.cpp(15,22): warning C4566: character represented by universal-character-name '\u0438' cannot be represented in the current code page (1252)
E:\codesh\OOP_Lab1\Lab1\Lab1\Lab1.cpp(15,22): warning C4566: character represented by universal-character-name '\u0432' cannot be represented in the current code page (1252)
E:\codesh\OOP_Lab1\Lab1\Lab1\Lab1.cpp(15,22): warning C4566: character represented by universal-character-name '\u0434' cannot be represented in the current code page (1252)
E:\codesh\OOP_Lab1\Lab1\Lab1\Lab1.cpp(15,22): warning C4566: character represented by universal-character-name '\u0444' cannot be represented in the current code page (1252)
E:\codesh\OOP_Lab1\Lab1\Lab1\Lab1.cpp(15,22): warning C4566: character represented by universal-character-name '\u0430' cannot be represented in the current code page (1252)
E:\codesh\OOP_Lab1\Lab1\Lab1\Lab1.cpp(15,22): warning C4566: character represented by universal-character-name '\u0439' cannot be represented in the current code page (1252)
E:\codesh\OOP_Lab1\Lab1\Lab1\Lab1.cpp(15,22): warning C4566: character represented by universal-character-name '\u0441' cannot be represented in the current code page (1252)
E:\codesh\OOP_Lab1\Lab1\Lab1\Lab1.cpp(45,30): warning C4566: character represented by universal-character-name '\u041E' cannot be represented in the current code page (1252)
E:\codesh\OOP_Lab1\Lab1\Lab1\Lab1.cpp(45,30): warning C4566: character represented by universal-character-name '\u0448' cannot be represented in the current code page (1252)
E:\codesh\OOP_Lab1\Lab1\Lab1\Lab1.cpp(45,30): warning C4566: character represented by universal-character-name '\u0438' cannot be represented in the current code page (1252)
E:\codesh\OOP_Lab1\Lab1\Lab1\Lab1.cpp(45,30): warning C4566: character represented by universal-character-name '\u0431' cannot be represented in the current code page (1252)
E:\codesh\OOP_Lab1\Lab1\Lab1\Lab1.cpp(45,30): warning C4566: character represented by universal-character-name '\u043A' cannot be represented in the current code page (1252)
E:\codesh\OOP_Lab1\Lab1\Lab1\Lab1.cpp(45,30): warning C4566: character represented by universal-character-name '\u0430' cannot be represented in the current code page (1252)
E:\codesh\OOP_Lab1\Lab1\Lab1\Lab1.cpp(45,30): warning C4566: character represented by universal-character-name '\u0410' cannot be represented in the current code page (1252)
E:\codesh\OOP_Lab1\Lab1\Lab1\Lab1.cpp(45,30): warning C4566: character represented by universal-character-name '\u0440' cannot be represented in the current code page (1252)
E:\codesh\OOP_Lab1\Lab1\Lab1\Lab1.cpp(45,30): warning C4566: character represented by universal-character-name '\u0433' cannot be represented in the current code page (1252)
E:\codesh\OOP_Lab1\Lab1\Lab1\Lab1.cpp(45,30): warning C4566: character represented by universal-character-name '\u0443' cannot be represented in the current code page (1252)
E:\codesh\OOP_Lab1\Lab1\Lab1\Lab1.cpp(45,30): warning C4566: character represented by universal-character-name '\u043C' cannot be represented in the current code page (1252)
E:\codesh\OOP_Lab1\Lab1\Lab1\Lab1.cpp(45,30): warning C4566: character represented by universal-character-name '\u0435' cannot be represented in the current code page (1252)
E:\codesh\OOP_Lab1\Lab1\Lab1\Lab1.cpp(45,30): warning C4566: character represented by universal-character-name '\u043D' cannot be represented in the current code page (1252)
E:\codesh\OOP_Lab1\Lab1\Lab1\Lab1.cpp(45,30): warning C4566: character represented by universal-character-name '\u0442' cannot be represented in the current code page (1252)
E:\codesh\OOP_Lab1\Lab1\Lab1\Lab1.cpp(45,30): warning C4566: character represented by universal-character-name '\u044B' cannot be represented in the current code page (1252)
E:\codesh\OOP_Lab1\Lab1\Lab1\Lab1.cpp(45,30): warning C4566: character represented by universal-character-name '\u0434' cannot be represented in the current code page (1252)
E:\codesh\OOP_Lab1\Lab1\Lab1\Lab1.cpp(45,30): warning C4566: character represented by universal-character-name '\u043E' cannot be represented in the current code page (1252)
E:\codesh\OOP_Lab1\Lab1\Lab1\Lab1.cpp(45,30): warning C4566: character represented by universal-character-name '\u043B' cannot be represented in the current code page (1252)
E:\codesh\OOP_Lab1\Lab1\Lab1\Lab1.cpp(45,30): warning C4566: character represented by universal-character-name '\u0436' cannot be represented in the current code page (1252)
E:\codesh\OOP_Lab1\Lab1\Lab1\Lab1.cpp(45,30): warning C4566: character represented by universal-character-name '\u044C' cannot be represented in the current code page (1252)
E:\codesh\OOP_Lab1\Lab1\Lab1\Lab1.cpp(45,30): warning C4566: character represented by universal-character-name '\u0447' cannot be represented in the current code page (1252)
E:\codesh\OOP_Lab1\Lab1\Lab1\Lab1.cpp(45,30): warning C4566: character represented by universal-character-name '\u0441' cannot be represented in the current code page (1252)
E:\codesh\OOP_Lab1\Lab1\Lab1\Lab1.cpp(60,30): warning C4566: character represented by universal-character-name '\u041E' cannot be represented in the current code page (1252)
E:\codesh\OOP_Lab1\Lab1\Lab1\Lab1.cpp(60,30): warning C4566: character represented by universal-character-name '\u0448' cannot be represented in the current code page (1252)
E:\codesh\OOP_Lab1\Lab1\Lab1\Lab1.cpp(60,30): warning C4566: character represented by universal-character-name '\u0438' cannot be represented in the current code page (1252)
E:\codesh\OOP_Lab1\Lab1\Lab1\Lab1.cpp(60,30): warning C4566: character represented by universal-character-name '\u0431' cannot be represented in the current code page (1252)
E:\codesh\OOP_Lab1\Lab1\Lab1\Lab1.cpp(60,30): warning C4566: character represented by universal-character-name '\u043A' cannot be represented in the current code page (1252)
E:\codesh\OOP_Lab1\Lab1\Lab1\Lab1.cpp(60,30): warning C4566: character represented by universal-character-name '\u0430' cannot be represented in the current code page (1252)
E:\codesh\OOP_Lab1\Lab1\Lab1\Lab1.cpp(60,30): warning C4566: character represented by universal-character-name '\u0410' cannot be represented in the current code page (1252)
E:\codesh\OOP_Lab1\Lab1\Lab1\Lab1.cpp(60,30): warning C4566: character represented by universal-character-name '\u0440' cannot be represented in the current code page (1252)
E:\codesh\OOP_Lab1\Lab1\Lab1\Lab1.cpp(60,30): warning C4566: character represented by universal-character-name '\u0433' cannot be represented in the current code page (1252)
E:\codesh\OOP_Lab1\Lab1\Lab1\Lab1.cpp(60,30): warning C4566: character represented by universal-character-name '\u0443' cannot be represented in the current code page (1252)
E:\codesh\OOP_Lab1\Lab1\Lab1\Lab1.cpp(60,30): warning C4566: character represented by universal-character-name '\u043C' cannot be represented in the current code page (1252)
E:\codesh\OOP_Lab1\Lab1\Lab1\Lab1.cpp(60,30): warning C4566: character represented by universal-character-name '\u0435' cannot be represented in the current code page (1252)
E:\codesh\OOP_Lab1\Lab1\Lab1\Lab1.cpp(60,30): warning C4566: character represented by universal-character-name '\u043D' cannot be represented in the current code page (1252)
E:\codesh\OOP_Lab1\Lab1\Lab1\Lab1.cpp(60,30): warning C4566: character represented by universal-character-name '\u0442' cannot be represented in the current code page (1252)
E:\codesh\OOP_Lab1\Lab1\Lab1\Lab1.cpp(60,30): warning C4566: character represented by universal-character-name '\u044B' cannot be represented in the current code page (1252)
E:\codesh\OOP_Lab1\Lab1\Lab1\Lab1.cpp(60,30): warning C4566: character represented by universal-character-name '\u0434' cannot be represented in the current code page (1252)
E:\codesh\OOP_Lab1\Lab1\Lab1\Lab1.cpp(60,30): warning C4566: character represented by universal-character-name '\u043E' cannot be represented in the current code page (1252)
E:\codesh\OOP_Lab1\Lab1\Lab1\Lab1.cpp(60,30): warning C4566: character represented by universal-character-name '\u043B' cannot be represented in the current code page (1252)
E:\codesh\OOP_Lab1\Lab1\Lab1\Lab1.cpp(60,30): warning C4566: character represented by universal-character-name '\u0436' cannot be represented in the current code page (1252)
E:\codesh\OOP_Lab1\Lab1\Lab1\Lab1.cpp(60,30): warning C4566: character represented by universal-character-name '\u044C' cannot be represented in the current code page (1252)
E:\codesh\OOP_Lab1\Lab1\Lab1\Lab1.cpp(60,30): warning C4566: character represented by universal-character-name '\u0447' cannot be represented in the current code page (1252)
E:\codesh\OOP_Lab1\Lab1\Lab1\Lab1.cpp(60,30): warning C4566: character represented by universal-character-name '\u0441' cannot be represented in the current code page (1252)
  Lab1.vcxproj -> E:\codesh\OOP_Lab1\Lab1\x64\Debug\Lab1.exe
